# JRE version: Java(TM) SE Runtime Environment (8.0_202-b08) (build 1.8.0_202-b08)
# Java VM: Java HotSpot(TM) 64-Bit Server VM (25.202-b08 mixed mode windows-amd64 compressed oops)
Heap:
 PSYoungGen      total 35328K, used 28945K [0x00000000d8f00000, 0x00000000dbc00000, 0x0000000100000000)
  eden space 30720K, 79% used [0x00000000d8f00000,0x00000000da6cb6d8,0x00000000dad00000)
  from space 4608K, 99% used [0x00000000dad00000,0x00000000db178fc0,0x00000000db180000)
  to   space 4608K, 0% used [0x00000000db780000,0x00000000db780000,0x00000000dbc00000)
 ParOldGen       total 57856K, used 2866K [0x000000008ac00000, 0x000000008e480000, 0x00000000d8f00000)
  object space 57856K, 4% used [0x000000008ac00000,0x000000008aecc968,0x000000008e480000)
 Metaspace       used 14735K, capacity 14972K, committed 15232K, reserved 1067008K
  class space    used 1809K, capacity 1906K, committed 1920K, reserved 1048576K
GC Heap History (8 events):
Event: 0.453 GC heap before
{Heap before GC invocations=1 (full 0):
 PSYoungGen      total 35328K, used 6921K [0x00000000d8f00000, 0x00000000db600000, 0x0000000100000000)
  eden space 30720K, 22% used [0x00000000d8f00000,0x00000000d95c26c0,0x00000000dad00000)
  from space 4608K, 0% used [0x00000000db180000,0x00000000db180000,0x00000000db600000)
  to   space 4608K, 0% used [0x00000000dad00000,0x00000000dad00000,0x00000000db180000)
 ParOldGen       total 80896K, used 0K [0x000000008ac00000, 0x000000008fb00000, 0x00000000d8f00000)
  object space 80896K, 0% used [0x000000008ac00000,0x000000008ac00000,0x000000008fb00000)
 Metaspace       used 4295K, capacity 5320K, committed 5376K, reserved 1060864K
  class space    used 462K, capacity 500K, committed 512K, reserved 1048576K
Event: 0.457 GC heap after
Heap after GC invocations=1 (full 0):
 PSYoungGen      total 35328K, used 1703K [0x00000000d8f00000, 0x00000000db600000, 0x0000000100000000)
  eden space 30720K, 0% used [0x00000000d8f00000,0x00000000d8f00000,0x00000000dad00000)
  from space 4608K, 36% used [0x00000000dad00000,0x00000000daea9c40,0x00000000db180000)
  to   space 4608K, 0% used [0x00000000db180000,0x00000000db180000,0x00000000db600000)
 ParOldGen       total 80896K, used 8K [0x000000008ac00000, 0x000000008fb00000, 0x00000000d8f00000)
  object space 80896K, 0% used [0x000000008ac00000,0x000000008ac02000,0x000000008fb00000)
 Metaspace       used 4295K, capacity 5320K, committed 5376K, reserved 1060864K
  class space    used 462K, capacity 500K, committed 512K, reserved 1048576K
}
Event: 0.457 GC heap before
{Heap before GC invocations=2 (full 1):
 PSYoungGen      total 35328K, used 1703K [0x00000000d8f00000, 0x00000000db600000, 0x0000000100000000)
  eden space 30720K, 0% used [0x00000000d8f00000,0x00000000d8f00000,0x00000000dad00000)
  from space 4608K, 36% used [0x00000000dad00000,0x00000000daea9c40,0x00000000db180000)
  to   space 4608K, 0% used [0x00000000db180000,0x00000000db180000,0x00000000db600000)
 ParOldGen       total 80896K, used 8K [0x000000008ac00000, 0x000000008fb00000, 0x00000000d8f00000)
  object space 80896K, 0% used [0x000000008ac00000,0x000000008ac02000,0x000000008fb00000)
 Metaspace       used 4295K, capacity 5320K, committed 5376K, reserved 1060864K
  class space    used 462K, capacity 500K, committed 512K, reserved 1048576K
Event: 0.473 GC heap after
Heap after GC invocations=2 (full 1):
 PSYoungGen      total 35328K, used 0K [0x00000000d8f00000, 0x00000000db600000, 0x0000000100000000)
  eden space 30720K, 0% used [0x00000000d8f00000,0x00000000d8f00000,0x00000000dad00000)
  from space 4608K, 0% used [0x00000000dad00000,0x00000000dad00000,0x00000000db180000)
  to   space 4608K, 0% used [0x00000000db180000,0x00000000db180000,0x00000000db600000)
 ParOldGen       total 57856K, used 1459K [0x000000008ac00000, 0x000000008e480000, 0x00000000d8f00000)
  object space 57856K, 2% used [0x000000008ac00000,0x000000008ad6ccd0,0x000000008e480000)
 Metaspace       used 4295K, capacity 5320K, committed 5376K, reserved 1058816K
  class space    used 462K, capacity 500K, committed 512K, reserved 1048576K
}
Event: 1.367 GC heap before
{Heap before GC invocations=3 (full 1):
 PSYoungGen      total 35328K, used 30720K [0x00000000d8f00000, 0x00000000db600000, 0x0000000100000000)
  eden space 30720K, 100% used [0x00000000d8f00000,0x00000000dad00000,0x00000000dad00000)
  from space 4608K, 0% used [0x00000000dad00000,0x00000000dad00000,0x00000000db180000)
  to   space 4608K, 0% used [0x00000000db180000,0x00000000db180000,0x00000000db600000)
 ParOldGen       total 57856K, used 1459K [0x000000008ac00000, 0x000000008e480000, 0x00000000d8f00000)
  object space 57856K, 2% used [0x000000008ac00000,0x000000008ad6ccd0,0x000000008e480000)
 Metaspace       used 8563K, capacity 8776K, committed 9088K, reserved 1060864K
  class space    used 1042K, capacity 1114K, committed 1152K, reserved 1048576K
Event: 1.373 GC heap after
Heap after GC invocations=3 (full 1):
 PSYoungGen      total 35328K, used 4505K [0x00000000d8f00000, 0x00000000dbb00000, 0x0000000100000000)
  eden space 30720K, 0% used [0x00000000d8f00000,0x00000000d8f00000,0x00000000dad00000)
  from space 4608K, 97% used [0x00000000db180000,0x00000000db5e6540,0x00000000db600000)
  to   space 4608K, 0% used [0x00000000dad00000,0x00000000dad00000,0x00000000db180000)
 ParOldGen       total 57856K, used 1467K [0x000000008ac00000, 0x000000008e480000, 0x00000000d8f00000)
  object space 57856K, 2% used [0x000000008ac00000,0x000000008ad6ecd0,0x000000008e480000)
 Metaspace       used 8563K, capacity 8776K, committed 9088K, reserved 1060864K
  class space    used 1042K, capacity 1114K, committed 1152K, reserved 1048576K
}
Event: 1.990 GC heap before
{Heap before GC invocations=4 (full 1):
 PSYoungGen      total 35328K, used 35225K [0x00000000d8f00000, 0x00000000dbb00000, 0x0000000100000000)
  eden space 30720K, 100% used [0x00000000d8f00000,0x00000000dad00000,0x00000000dad00000)
  from space 4608K, 97% used [0x00000000db180000,0x00000000db5e6540,0x00000000db600000)
  to   space 4608K, 0% used [0x00000000dad00000,0x00000000dad00000,0x00000000db180000)
 ParOldGen       total 57856K, used 1467K [0x000000008ac00000, 0x000000008e480000, 0x00000000d8f00000)
  object space 57856K, 2% used [0x000000008ac00000,0x000000008ad6ecd0,0x000000008e480000)
 Metaspace       used 11628K, capacity 11796K, committed 12160K, reserved 1062912K
  class space    used 1447K, capacity 1542K, committed 1664K, reserved 1048576K
Event: 1.997 GC heap after
Heap after GC invocations=4 (full 1):
 PSYoungGen      total 35328K, used 4579K [0x00000000d8f00000, 0x00000000dbc00000, 0x0000000100000000)
  eden space 30720K, 0% used [0x00000000d8f00000,0x00000000d8f00000,0x00000000dad00000)
  from space 4608K, 99% used [0x00000000dad00000,0x00000000db178fc0,0x00000000db180000)
  to   space 4608K, 0% used [0x00000000db780000,0x00000000db780000,0x00000000dbc00000)
 ParOldGen       total 57856K, used 2866K [0x000000008ac00000, 0x000000008e480000, 0x00000000d8f00000)
  object space 57856K, 4% used [0x000000008ac00000,0x000000008aecc968,0x000000008e480000)
 Metaspace       used 11628K, capacity 11796K, committed 12160K, reserved 1062912K
  class space    used 1447K, capacity 1542K, committed 1664K, reserved 1048576K
}

